  Task.cpp
  Schedule.cpp
c:\users\cedric\documents\github\dueit\due it\schedule.h(7): fatal error C1083: Cannot open include file: 'Assignment.h': No such file or directory
  Payment.cpp
  Job.cpp
  DueIt.cpp
c:\users\cedric\documents\github\dueit\due it\schedule.h(7): fatal error C1083: Cannot open include file: 'Assignment.h': No such file or directory
  CurrentAssignmentsTasks.cpp
  CourseMeeting.cpp
  Course.cpp
  Console_Controller.cpp
c:\users\cedric\documents\github\dueit\due it\schedule.h(7): fatal error C1083: Cannot open include file: 'Assignment.h': No such file or directory
  CompletedAssignmentsTasks.cpp
  Company.cpp
  AssignmentTask.cpp
c:\users\cedric\documents\github\dueit\due it\assignmenttask.h(19): error C4430: missing type specifier - int assumed. Note: C++ does not support default-int
c:\users\cedric\documents\github\dueit\due it\assignmenttask.h(19): error C2143: syntax error: missing ',' before '&'
c:\users\cedric\documents\github\dueit\due it\assignmenttask.cpp(24): error C2511: 'DueItModel::Course DueItModel::AssignmentTask::getCourse(void)': overloaded member function not found in 'DueItModel::AssignmentTask'
  c:\users\cedric\documents\github\dueit\due it\assignmenttask.h(6): note: see declaration of 'DueItModel::AssignmentTask'
c:\users\cedric\documents\github\dueit\due it\assignmenttask.cpp(31): error C2511: 'int DueItModel::AssignmentTask::getEstimatedTimeToComplete(void)': overloaded member function not found in 'DueItModel::AssignmentTask'
  c:\users\cedric\documents\github\dueit\due it\assignmenttask.h(6): note: see declaration of 'DueItModel::AssignmentTask'
c:\users\cedric\documents\github\dueit\due it\assignmenttask.cpp(35): error C2511: 'void DueItModel::AssignmentTask::setDetails(std::string)': overloaded member function not found in 'DueItModel::AssignmentTask'
  c:\users\cedric\documents\github\dueit\due it\assignmenttask.h(6): note: see declaration of 'DueItModel::AssignmentTask'
c:\users\cedric\documents\github\dueit\due it\assignmenttask.cpp(38): error C2511: 'std::string DueItModel::AssignmentTask::getDetails(void)': overloaded member function not found in 'DueItModel::AssignmentTask'
  c:\users\cedric\documents\github\dueit\due it\assignmenttask.h(6): note: see declaration of 'DueItModel::AssignmentTask'
  AssignmentsList.cpp
  AssignmentDBRetriever.cpp
  AssignmentDBManipulator.cpp
  AddCourseView.cpp
  AddCourseController.cpp
  AddAssignmentsView.cpp
  AddAssignmentsController.cpp
  Generating Code...
