c:\users\cedric\documents\github\dueit\due it\debug\vc140.pdb
c:\users\cedric\documents\github\dueit\due it\debug\vc140.idb
c:\users\cedric\documents\github\dueit\due it\debug\company.obj
c:\users\cedric\documents\github\dueit\due it\debug\course.obj
c:\users\cedric\documents\github\dueit\due it\debug\coursemeeting.obj
c:\users\cedric\documents\github\dueit\due it\debug\dueit.obj
c:\users\cedric\documents\github\dueit\due it\debug\job.obj
c:\users\cedric\documents\github\dueit\due it\debug\payment.obj
c:\users\cedric\documents\github\dueit\due it\debug\schedule.obj
c:\users\cedric\documents\github\dueit\due it\debug\task.obj
c:\users\cedric\documents\github\dueit\due it\debug\assignmenttask.obj
c:\users\cedric\documents\github\dueit\due it\debug\completedassignmentstasks.obj
c:\users\tyler\documents\github\dueit\debug\due it.ilk
c:\users\tyler\documents\github\dueit\debug\due it.exe
c:\users\tyler\documents\github\dueit\debug\due it.pdb
c:\users\cedric\documents\github\dueit\due it\debug\assignment.obj
c:\users\cedric\documents\github\dueit\due it\debug\console_controller.obj
c:\users\cedric\documents\github\dueit\debug\due it.pdb
c:\users\cedric\documents\github\dueit\debug\due it.exe
c:\users\cedric\documents\github\dueit\debug\due it.ilk
c:\users\cedric\documents\github\dueit\due it\debug\due it.tlog\cl.command.1.tlog
c:\users\cedric\documents\github\dueit\due it\debug\due it.tlog\cl.read.1.tlog
c:\users\cedric\documents\github\dueit\due it\debug\due it.tlog\cl.write.1.tlog
c:\users\cedric\documents\github\dueit\due it\debug\due it.tlog\link.command.1.tlog
c:\users\cedric\documents\github\dueit\due it\debug\due it.tlog\link.read.1.tlog
c:\users\cedric\documents\github\dueit\due it\debug\due it.tlog\link.write.1.tlog
